生成启动时间为 2019/4/12 10:11:31。
     1>项目“E:\vs_project\AttTracklib-2019.4.9\AttTrack_mahony\AttTrack_mahony\AttTrack_mahony\AttTrack_mahony.vcxproj”在节点 2 上(Rebuild 个目标)。
     1>ClCompile:
         E:\VS2015\VC\bin\CL.exe /c /ZI /nologo /W3 /WX- /sdl /Od /Oy- /D WIN32 /D _DEBUG /D _WINDOWS /D _USRDLL /D ATTTRACK_MAHONY_EXPORTS /D _WINDLL /D _UNICODE /D UNICODE /Gm /EHsc /RTC1 /MDd /GS /fp:precise /Zc:wchar_t /Zc:forScope /Zc:inline /Yc"stdafx.h" /Fp"Debug\AttTrack_mahony.pch" /Fo"Debug\\" /Fd"Debug\vc140.pdb" /Gd /TP /analyze- /errorReport:prompt stdafx.cpp
         stdafx.cpp
         E:\VS2015\VC\bin\CL.exe /c /ZI /nologo /W3 /WX- /sdl /Od /Oy- /D WIN32 /D _DEBUG /D _WINDOWS /D _USRDLL /D ATTTRACK_MAHONY_EXPORTS /D _WINDLL /D _UNICODE /D UNICODE /Gm /EHsc /RTC1 /MDd /GS /fp:precise /Zc:wchar_t /Zc:forScope /Zc:inline /Fo"Debug\\" /Fd"Debug\vc140.pdb" /Gd /TC /analyze- /errorReport:prompt AttTrack_lib.c DataStruct.c mahony.c
         mahony.c
         DataStruct.c
         AttTrack_lib.c
         正在生成代码...
       Link:
         E:\VS2015\VC\bin\link.exe /ERRORREPORT:PROMPT /OUT:"E:\vs_project\AttTracklib-2019.4.9\AttTrack_mahony\AttTrack_mahony\Debug\AttTrack_mahony.dll" /INCREMENTAL /NOLOGO kernel32.lib user32.lib gdi32.lib winspool.lib comdlg32.lib advapi32.lib shell32.lib ole32.lib oleaut32.lib uuid.lib odbc32.lib odbccp32.lib /DEF:"Source.def" /MANIFEST /MANIFESTUAC:"level='asInvoker' uiAccess='false'" /manifest:embed /Debug /PDB:"E:\vs_project\AttTracklib-2019.4.9\AttTrack_mahony\AttTrack_mahony\Debug\AttTrack_mahony.pdb" /SUBSYSTEM:WINDOWS /TLBID:1 /DYNAMICBASE /NXCOMPAT /IMPLIB:"E:\vs_project\AttTracklib-2019.4.9\AttTrack_mahony\AttTrack_mahony\Debug\AttTrack_mahony.lib" /MACHINE:X86 /DLL Debug\AttTrack_lib.obj
         Debug\DataStruct.obj
         Debug\mahony.obj
         Debug\stdafx.obj
           正在创建库 E:\vs_project\AttTracklib-2019.4.9\AttTrack_mahony\AttTrack_mahony\Debug\AttTrack_mahony.lib 和对象 E:\vs_project\AttTracklib-2019.4.9\AttTrack_mahony\AttTrack_mahony\Debug\AttTrack_mahony.exp
         AttTrack_mahony.vcxproj -> E:\vs_project\AttTracklib-2019.4.9\AttTrack_mahony\AttTrack_mahony\Debug\AttTrack_mahony.dll
     1>已完成生成项目“E:\vs_project\AttTracklib-2019.4.9\AttTrack_mahony\AttTrack_mahony\AttTrack_mahony\AttTrack_mahony.vcxproj”(Rebuild 个目标)的操作。

已成功生成。

已用时间 00:00:03.19
