e:\vs_project\atttracklib-2019.4.9\atttrack_ekf\atttrack_basic_lib\atttrack1\debug\vc140.pdb
e:\vs_project\atttracklib-2019.4.9\atttrack_ekf\atttrack_basic_lib\atttrack1\debug\vc140.idb
e:\vs_project\atttracklib-2019.4.9\atttrack_ekf\atttrack_basic_lib\atttrack1\debug\atprocess.obj
e:\vs_project\atttracklib-2019.4.9\atttrack_ekf\atttrack_basic_lib\atttrack1\debug\attinit.obj
e:\vs_project\atttracklib-2019.4.9\atttrack_ekf\atttrack_basic_lib\atttrack1\debug\atttrack_lib.obj
e:\vs_project\atttracklib-2019.4.9\atttrack_ekf\atttrack_basic_lib\atttrack1\debug\calibrate.obj
e:\vs_project\atttracklib-2019.4.9\atttrack_ekf\atttrack_basic_lib\atttrack1\debug\comfunc.obj
e:\vs_project\atttracklib-2019.4.9\atttrack_ekf\atttrack_basic_lib\atttrack1\debug\compassheading.obj
e:\vs_project\atttracklib-2019.4.9\atttrack_ekf\atttrack_basic_lib\atttrack1\debug\config.obj
e:\vs_project\atttracklib-2019.4.9\atttrack_ekf\atttrack_basic_lib\atttrack1\debug\datastruct.obj
e:\vs_project\atttracklib-2019.4.9\atttrack_ekf\atttrack_basic_lib\atttrack1\debug\gnssheading.obj
e:\vs_project\atttracklib-2019.4.9\atttrack_ekf\atttrack_basic_lib\atttrack1\debug\kalmanfilter.obj
e:\vs_project\atttracklib-2019.4.9\atttrack_ekf\atttrack_basic_lib\atttrack1\debug\matrix.obj
e:\vs_project\atttracklib-2019.4.9\atttrack_ekf\atttrack_basic_lib\atttrack1\debug\parson.obj
e:\vs_project\atttracklib-2019.4.9\atttrack_ekf\atttrack_basic_lib\atttrack1\debug\dllmain.obj
e:\vs_project\atttracklib-2019.4.9\atttrack_ekf\atttrack_basic_lib\atttrack1\debug\stdafx.obj
e:\vs_project\atttracklib-2019.4.9\atttrack_ekf\atttrack_basic_lib\debug\atttrack1.pdb
e:\vs_project\atttracklib-2019.4.9\atttrack_ekf\atttrack_basic_lib\atttrack1\debug\atttrack1.tlog\cl.command.1.tlog
e:\vs_project\atttracklib-2019.4.9\atttrack_ekf\atttrack_basic_lib\atttrack1\debug\atttrack1.tlog\cl.read.1.tlog
e:\vs_project\atttracklib-2019.4.9\atttrack_ekf\atttrack_basic_lib\atttrack1\debug\atttrack1.tlog\cl.write.1.tlog
e:\vs_project\atttracklib-2019.4.9\atttrack_ekf\atttrack_basic_lib\atttrack1\debug\atttrack1.tlog\link-cvtres.read.1.tlog
e:\vs_project\atttracklib-2019.4.9\atttrack_ekf\atttrack_basic_lib\atttrack1\debug\atttrack1.tlog\link-cvtres.write.1.tlog
e:\vs_project\atttracklib-2019.4.9\atttrack_ekf\atttrack_basic_lib\atttrack1\debug\atttrack1.tlog\link-rc.read.1.tlog
e:\vs_project\atttracklib-2019.4.9\atttrack_ekf\atttrack_basic_lib\atttrack1\debug\atttrack1.tlog\link-rc.write.1.tlog
e:\vs_project\atttracklib-2019.4.9\atttrack_ekf\atttrack_basic_lib\atttrack1\debug\atttrack1.tlog\link.command.1.tlog
e:\vs_project\atttracklib-2019.4.9\atttrack_ekf\atttrack_basic_lib\atttrack1\debug\atttrack1.tlog\link.read.1.tlog
e:\vs_project\atttracklib-2019.4.9\atttrack_ekf\atttrack_basic_lib\atttrack1\debug\atttrack1.tlog\link.write.1.tlog
