e:\vs_project\atttracklib-2019.4.9\atttrack_ekf\atttrack_basic\atttrack_basic\atttrack_basic\debug\vc140.pdb
e:\vs_project\atttracklib-2019.4.9\atttrack_ekf\atttrack_basic\atttrack_basic\atttrack_basic\debug\vc140.idb
e:\vs_project\atttracklib-2019.4.9\atttrack_ekf\atttrack_basic\atttrack_basic\atttrack_basic\debug\atprocess.obj
e:\vs_project\atttracklib-2019.4.9\atttrack_ekf\atttrack_basic\atttrack_basic\atttrack_basic\debug\attinit.obj
e:\vs_project\atttracklib-2019.4.9\atttrack_ekf\atttrack_basic\atttrack_basic\atttrack_basic\debug\atttrack_lib.obj
e:\vs_project\atttracklib-2019.4.9\atttrack_ekf\atttrack_basic\atttrack_basic\atttrack_basic\debug\calibrate.obj
e:\vs_project\atttracklib-2019.4.9\atttrack_ekf\atttrack_basic\atttrack_basic\atttrack_basic\debug\comfunc.obj
e:\vs_project\atttracklib-2019.4.9\atttrack_ekf\atttrack_basic\atttrack_basic\atttrack_basic\debug\compassheading.obj
e:\vs_project\atttracklib-2019.4.9\atttrack_ekf\atttrack_basic\atttrack_basic\atttrack_basic\debug\config.obj
e:\vs_project\atttracklib-2019.4.9\atttrack_ekf\atttrack_basic\atttrack_basic\atttrack_basic\debug\dataread.obj
e:\vs_project\atttracklib-2019.4.9\atttrack_ekf\atttrack_basic\atttrack_basic\atttrack_basic\debug\datastruct.obj
e:\vs_project\atttracklib-2019.4.9\atttrack_ekf\atttrack_basic\atttrack_basic\atttrack_basic\debug\gatest.obj
e:\vs_project\atttracklib-2019.4.9\atttrack_ekf\atttrack_basic\atttrack_basic\atttrack_basic\debug\gnssheading.obj
e:\vs_project\atttracklib-2019.4.9\atttrack_ekf\atttrack_basic\atttrack_basic\atttrack_basic\debug\kalmanfilter.obj
e:\vs_project\atttracklib-2019.4.9\atttrack_ekf\atttrack_basic\atttrack_basic\atttrack_basic\debug\matrix.obj
e:\vs_project\atttracklib-2019.4.9\atttrack_ekf\atttrack_basic\atttrack_basic\atttrack_basic\debug\parson.obj
e:\vs_project\atttracklib-2019.4.9\atttrack_ekf\atttrack_basic\atttrack_basic\atttrack_basic\debug\stdafx.obj
e:\vs_project\atttracklib-2019.4.9\atttrack_ekf\atttrack_basic\atttrack_basic\debug\atttrack_basic.ilk
e:\vs_project\atttracklib-2019.4.9\atttrack_ekf\atttrack_basic\atttrack_basic\debug\atttrack_basic.exe
e:\vs_project\atttracklib-2019.4.9\atttrack_ekf\atttrack_basic\atttrack_basic\debug\atttrack_basic.pdb
e:\vs_project\atttracklib-2019.4.9\atttrack_ekf\atttrack_basic\atttrack_basic\atttrack_basic\debug\atttrack_basic.tlog\cl.command.1.tlog
e:\vs_project\atttracklib-2019.4.9\atttrack_ekf\atttrack_basic\atttrack_basic\atttrack_basic\debug\atttrack_basic.tlog\cl.read.1.tlog
e:\vs_project\atttracklib-2019.4.9\atttrack_ekf\atttrack_basic\atttrack_basic\atttrack_basic\debug\atttrack_basic.tlog\cl.write.1.tlog
e:\vs_project\atttracklib-2019.4.9\atttrack_ekf\atttrack_basic\atttrack_basic\atttrack_basic\debug\atttrack_basic.tlog\link.command.1.tlog
e:\vs_project\atttracklib-2019.4.9\atttrack_ekf\atttrack_basic\atttrack_basic\atttrack_basic\debug\atttrack_basic.tlog\link.read.1.tlog
e:\vs_project\atttracklib-2019.4.9\atttrack_ekf\atttrack_basic\atttrack_basic\atttrack_basic\debug\atttrack_basic.tlog\link.write.1.tlog
