生成启动时间为 2019/4/16 10:50:36。
     1>项目“E:\vs_project\AttTracklib-2019.4.9\AttTrack_ekf\AttTrack_basic\AttTrack_basic\AttTrack_basic\AttTrack_basic.vcxproj”在节点 2 上(Build 个目标)。
     1>ClCompile:
         E:\VS2015\VC\bin\CL.exe /c /ZI /nologo /W3 /WX- /sdl /Od /Oy- /D WIN32 /D _DEBUG /D _CONSOLE /D _CRT_SECURE_NO_WARNINGS /D _UNICODE /D UNICODE /Gm /EHsc /RTC1 /MDd /GS /fp:precise /Zc:wchar_t /Zc:forScope /Zc:inline /Fo"Debug\\" /Fd"Debug\vc140.pdb" /Gd /TC /analyze- /errorReport:prompt ATProcess.c
         ATProcess.c
       Link:
         E:\VS2015\VC\bin\link.exe /ERRORREPORT:PROMPT /OUT:"E:\vs_project\AttTracklib-2019.4.9\AttTrack_ekf\AttTrack_basic\AttTrack_basic\Debug\AttTrack_basic.exe" /INCREMENTAL /NOLOGO kernel32.lib user32.lib gdi32.lib winspool.lib comdlg32.lib advapi32.lib shell32.lib ole32.lib oleaut32.lib uuid.lib odbc32.lib odbccp32.lib /MANIFEST /MANIFESTUAC:"level='asInvoker' uiAccess='false'" /manifest:embed /Debug /PDB:"E:\vs_project\AttTracklib-2019.4.9\AttTrack_ekf\AttTrack_basic\AttTrack_basic\Debug\AttTrack_basic.pdb" /SUBSYSTEM:CONSOLE /TLBID:1 /DYNAMICBASE /NXCOMPAT /IMPLIB:"E:\vs_project\AttTracklib-2019.4.9\AttTrack_ekf\AttTrack_basic\AttTrack_basic\Debug\AttTrack_basic.lib" /MACHINE:X86 Debug\ATProcess.obj
         Debug\AttInit.obj
         Debug\AttTrack_lib.obj
         Debug\Calibrate.obj
         Debug\ComFunc.obj
         Debug\CompassHeading.obj
         Debug\config.obj
         Debug\DATAread.obj
         Debug\DataStruct.obj
         Debug\GAtest.obj
         Debug\GnssHeading.obj
         Debug\kalmanfilter.obj
         Debug\Matrix.obj
         Debug\parson.obj
         Debug\stdafx.obj
         AttTrack_basic.vcxproj -> E:\vs_project\AttTracklib-2019.4.9\AttTrack_ekf\AttTrack_basic\AttTrack_basic\Debug\AttTrack_basic.exe
     1>已完成生成项目“E:\vs_project\AttTracklib-2019.4.9\AttTrack_ekf\AttTrack_basic\AttTrack_basic\AttTrack_basic\AttTrack_basic.vcxproj”(Build 个目标)的操作。

已成功生成。

已用时间 00:00:02.85
